[INFO ] 2023-03-03 12:23:56.831 [main] ProjectDao - Searching project by userId of 1
[INFO ] 2023-03-03 12:31:52.161 [main] ProjectDao - Searching project by projectId of 1
[INFO ] 2023-03-03 12:31:52.263 [main] ProjectDao - Searched results com.pocketedDays.entity.Project@31881aa2
[INFO ] 2023-03-03 12:31:52.263 [main] ProjectDao - Deleting project com.pocketedDays.entity.Project@31881aa2
[INFO ] 2023-03-03 12:31:52.284 [main] ProjectDao - Searching project by projectId of 1
[INFO ] 2023-03-03 12:31:52.287 [main] ProjectDao - Searched results null
[INFO ] 2023-03-03 12:31:52.374 [main] ProjectDao - Searching project by projectId of 1
[INFO ] 2023-03-03 12:31:52.378 [main] ProjectDao - Searched results com.pocketedDays.entity.Project@259287ac
[INFO ] 2023-03-03 12:31:52.467 [main] ProjectDao - Searching project by projectId of 1
[INFO ] 2023-03-03 12:31:52.471 [main] ProjectDao - Searched results com.pocketedDays.entity.Project@6c8efde4
[INFO ] 2023-03-03 12:31:52.471 [main] ProjectDao - Updating project com.pocketedDays.entity.Project@6c8efde4
[INFO ] 2023-03-03 12:31:52.480 [main] ProjectDao - Searching project by projectId of 1
[INFO ] 2023-03-03 12:31:52.484 [main] ProjectDao - Searched results com.pocketedDays.entity.Project@33bdd01
[INFO ] 2023-03-03 12:31:52.567 [main] ProjectDao - Searching all projects
[INFO ] 2023-03-03 12:31:52.671 [main] ProjectDao - Searched results [com.pocketedDays.entity.Project@4ce267cc]
[INFO ] 2023-03-03 12:31:52.768 [main] ProjectDao - Inserting project com.pocketedDays.entity.Project@17134190
[INFO ] 2023-03-03 12:31:52.780 [main] ProjectDao - Success! Inserted project id is 2
[INFO ] 2023-03-03 12:31:52.781 [main] ProjectDao - Searching project by projectId of 2
[INFO ] 2023-03-03 12:31:52.785 [main] ProjectDao - Searched results com.pocketedDays.entity.Project@2cee5365
[INFO ] 2023-03-03 12:31:52.883 [main] ProjectDao - Searching project by userId of 1
[INFO ] 2023-03-03 12:31:52.898 [main] ProjectDao - Searched results [com.pocketedDays.entity.Project@426710f0]
[INFO ] 2023-03-03 12:35:28.682 [main] ProjectDao - Searching project by projectId of 1
[INFO ] 2023-03-03 12:35:28.785 [main] ProjectDao - Searched results com.pocketedDays.entity.Project@751d7425
[INFO ] 2023-03-03 12:35:28.785 [main] ProjectDao - Deleting project com.pocketedDays.entity.Project@751d7425
[INFO ] 2023-03-03 12:35:28.806 [main] ProjectDao - Searching project by projectId of 1
[INFO ] 2023-03-03 12:35:28.809 [main] ProjectDao - Searched results null
[INFO ] 2023-03-03 12:35:28.901 [main] ProjectDao - Searching project by projectId of 1
[INFO ] 2023-03-03 12:35:28.906 [main] ProjectDao - Searched results com.pocketedDays.entity.Project@2450256f
[INFO ] 2023-03-03 12:35:28.992 [main] ProjectDao - Searching project by projectId of 1
[INFO ] 2023-03-03 12:35:28.997 [main] ProjectDao - Searched results com.pocketedDays.entity.Project@164d01ba
[INFO ] 2023-03-03 12:35:28.997 [main] ProjectDao - Updating project com.pocketedDays.entity.Project@164d01ba
[INFO ] 2023-03-03 12:35:29.006 [main] ProjectDao - Searching project by projectId of 1
[INFO ] 2023-03-03 12:35:29.010 [main] ProjectDao - Searched results com.pocketedDays.entity.Project@267891bf
[INFO ] 2023-03-03 12:35:29.095 [main] ProjectDao - Searching all projects
[INFO ] 2023-03-03 12:35:29.200 [main] ProjectDao - Searched results [com.pocketedDays.entity.Project@f03ee8f]
[INFO ] 2023-03-03 12:35:29.291 [main] ProjectDao - Inserting project com.pocketedDays.entity.Project@698d6d30
[INFO ] 2023-03-03 12:35:29.302 [main] ProjectDao - Success! Inserted project id is 2
[INFO ] 2023-03-03 12:35:29.303 [main] ProjectDao - Searching project by projectId of 2
[INFO ] 2023-03-03 12:35:29.308 [main] ProjectDao - Searched results com.pocketedDays.entity.Project@43e3a390
[INFO ] 2023-03-03 12:35:29.407 [main] ProjectDao - Searching project by userId of 1
[INFO ] 2023-03-03 12:35:29.426 [main] ProjectDao - Searched results [com.pocketedDays.entity.Project@6b6def36]
[INFO ] 2023-03-03 12:39:08.645 [main] ProjectDao - Searching project by projectId of 1
[INFO ] 2023-03-03 12:39:08.754 [main] ProjectDao - Searched results com.pocketedDays.entity.Project@751d7425
[INFO ] 2023-03-03 12:39:08.754 [main] ProjectDao - Deleting project com.pocketedDays.entity.Project@751d7425
[INFO ] 2023-03-03 12:39:08.776 [main] ProjectDao - Searching project by projectId of 1
[INFO ] 2023-03-03 12:39:08.779 [main] ProjectDao - Searched results null
[INFO ] 2023-03-03 12:39:08.854 [main] ProjectDao - Searching project by projectId of 1
[INFO ] 2023-03-03 12:39:08.859 [main] ProjectDao - Searched results com.pocketedDays.entity.Project@2450256f
[INFO ] 2023-03-03 12:39:08.932 [main] ProjectDao - Searching project by projectId of 1
[INFO ] 2023-03-03 12:39:08.936 [main] ProjectDao - Searched results com.pocketedDays.entity.Project@164d01ba
[INFO ] 2023-03-03 12:39:08.936 [main] ProjectDao - Updating project com.pocketedDays.entity.Project@164d01ba
[INFO ] 2023-03-03 12:39:08.945 [main] ProjectDao - Searching project by projectId of 1
[INFO ] 2023-03-03 12:39:08.949 [main] ProjectDao - Searched results com.pocketedDays.entity.Project@267891bf
[INFO ] 2023-03-03 12:39:09.039 [main] ProjectDao - Searching all projects
[INFO ] 2023-03-03 12:39:09.151 [main] ProjectDao - Searched results [com.pocketedDays.entity.Project@f03ee8f]
[INFO ] 2023-03-03 12:39:09.233 [main] ProjectDao - Inserting project com.pocketedDays.entity.Project@698d6d30
[INFO ] 2023-03-03 12:39:09.246 [main] ProjectDao - Success! Inserted project id is 2
[INFO ] 2023-03-03 12:39:09.246 [main] ProjectDao - Searching project by projectId of 2
[INFO ] 2023-03-03 12:39:09.251 [main] ProjectDao - Searched results com.pocketedDays.entity.Project@43e3a390
[INFO ] 2023-03-03 12:39:09.341 [main] ProjectDao - Searching project by userId of 1
[INFO ] 2023-03-03 12:39:09.358 [main] ProjectDao - Searched results [com.pocketedDays.entity.Project@6b6def36]
[INFO ] 2023-03-03 12:47:47.168 [main] ProjectDao - Searching project by projectId of 1
[INFO ] 2023-03-03 12:47:47.343 [main] ProjectDao - Searching project by projectId of 1
[INFO ] 2023-03-03 12:47:47.420 [main] ProjectDao - Searching project by projectId of 1
[INFO ] 2023-03-03 12:47:47.493 [main] ProjectDao - Searching all projects
[INFO ] 2023-03-03 12:47:47.673 [main] ProjectDao - Inserting project com.pocketedDays.entity.Project@5a7b6b75
[INFO ] 2023-03-03 12:47:47.760 [main] ProjectDao - Searching project by userId of 1
[INFO ] 2023-03-03 12:49:05.281 [main] ProjectDao - Searching project by projectId of 1
[INFO ] 2023-03-03 12:49:05.473 [main] ProjectDao - Searching project by projectId of 1
[INFO ] 2023-03-03 12:49:05.556 [main] ProjectDao - Searching project by projectId of 1
[INFO ] 2023-03-03 12:49:05.629 [main] ProjectDao - Searching all projects
[INFO ] 2023-03-03 12:49:05.797 [main] ProjectDao - Inserting project com.pocketedDays.entity.Project@3719360c
[INFO ] 2023-03-03 12:49:05.879 [main] ProjectDao - Searching project by userId of 1
[INFO ] 2023-03-03 12:49:58.567 [main] ProjectDao - Searching project by projectId of 1
[INFO ] 2023-03-03 12:49:58.647 [main] ProjectDao - Searched results null
[INFO ] 2023-03-03 12:49:58.647 [main] ProjectDao - Deleting project null
[INFO ] 2023-03-03 12:49:58.727 [main] ProjectDao - Searching project by projectId of 1
[INFO ] 2023-03-03 12:49:58.731 [main] ProjectDao - Searched results null
[INFO ] 2023-03-03 12:49:58.797 [main] ProjectDao - Searching project by projectId of 1
[INFO ] 2023-03-03 12:49:58.799 [main] ProjectDao - Searched results null
[INFO ] 2023-03-03 12:49:58.880 [main] ProjectDao - Searching all projects
[INFO ] 2023-03-03 12:49:58.971 [main] ProjectDao - Searched results []
[INFO ] 2023-03-03 12:49:59.044 [main] ProjectDao - Inserting project com.pocketedDays.entity.Project@47a3d56a
[INFO ] 2023-03-03 12:49:59.071 [main] ProjectDao - Success! Inserted project id is 1
[INFO ] 2023-03-03 12:49:59.071 [main] ProjectDao - Searching project by projectId of 1
[INFO ] 2023-03-03 12:49:59.078 [main] ProjectDao - Searched results com.pocketedDays.entity.Project@65d9e72a
[INFO ] 2023-03-03 12:49:59.148 [main] ProjectDao - Searching project by userId of 1
[INFO ] 2023-03-03 12:49:59.161 [main] ProjectDao - Searched results [com.pocketedDays.entity.Project@11bfffb3]
[INFO ] 2023-03-03 12:50:40.078 [main] ProjectDao - Searching project by projectId of 1
[INFO ] 2023-03-03 12:50:40.165 [main] ProjectDao - Searched results com.pocketedDays.entity.Project@6321a5aa
[INFO ] 2023-03-03 12:50:40.165 [main] ProjectDao - Deleting project com.pocketedDays.entity.Project@6321a5aa
[INFO ] 2023-03-03 12:50:40.183 [main] ProjectDao - Searching project by projectId of 1
[INFO ] 2023-03-03 12:50:40.186 [main] ProjectDao - Searched results null
[INFO ] 2023-03-03 12:50:40.294 [main] ProjectDao - Searching project by projectId of 1
[INFO ] 2023-03-03 12:50:40.298 [main] ProjectDao - Searched results com.pocketedDays.entity.Project@66756662
[INFO ] 2023-03-03 12:50:40.368 [main] ProjectDao - Searching project by projectId of 1
[INFO ] 2023-03-03 12:50:40.372 [main] ProjectDao - Searched results com.pocketedDays.entity.Project@6568f998
[INFO ] 2023-03-03 12:50:40.372 [main] ProjectDao - Updating project com.pocketedDays.entity.Project@6568f998
[INFO ] 2023-03-03 12:50:40.380 [main] ProjectDao - Searching project by projectId of 1
[INFO ] 2023-03-03 12:50:40.384 [main] ProjectDao - Searched results com.pocketedDays.entity.Project@133aacbe
[INFO ] 2023-03-03 12:50:40.453 [main] ProjectDao - Searching all projects
[INFO ] 2023-03-03 12:50:40.542 [main] ProjectDao - Searched results [com.pocketedDays.entity.Project@1f7e52d1]
[INFO ] 2023-03-03 12:50:40.612 [main] ProjectDao - Inserting project com.pocketedDays.entity.Project@1de5cc88
[INFO ] 2023-03-03 12:50:40.621 [main] ProjectDao - Success! Inserted project id is 2
[INFO ] 2023-03-03 12:50:40.622 [main] ProjectDao - Searching project by projectId of 2
[INFO ] 2023-03-03 12:50:40.625 [main] ProjectDao - Searched results com.pocketedDays.entity.Project@1515f782
[INFO ] 2023-03-03 12:50:40.694 [main] ProjectDao - Searching project by userId of 1
[INFO ] 2023-03-03 12:50:40.706 [main] ProjectDao - Searched results [com.pocketedDays.entity.Project@919086]
[INFO ] 2023-03-03 12:57:21.073 [main] ProjectDao - Searching project by projectId of 1
[INFO ] 2023-03-03 12:57:21.154 [main] ProjectDao - Searched results com.pocketedDays.entity.Project@6321a5aa
[INFO ] 2023-03-03 12:57:21.154 [main] ProjectDao - Deleting project com.pocketedDays.entity.Project@6321a5aa
[INFO ] 2023-03-03 12:57:21.171 [main] ProjectDao - Searching project by projectId of 1
[INFO ] 2023-03-03 12:57:21.173 [main] ProjectDao - Searched results null
[INFO ] 2023-03-03 12:57:21.238 [main] ProjectDao - Searching project by projectId of 1
[INFO ] 2023-03-03 12:57:21.242 [main] ProjectDao - Searched results com.pocketedDays.entity.Project@66756662
[INFO ] 2023-03-03 12:57:21.304 [main] ProjectDao - Searching project by projectId of 1
[INFO ] 2023-03-03 12:57:21.307 [main] ProjectDao - Searched results com.pocketedDays.entity.Project@6568f998
[INFO ] 2023-03-03 12:57:21.307 [main] ProjectDao - Updating project com.pocketedDays.entity.Project@6568f998
[INFO ] 2023-03-03 12:57:21.314 [main] ProjectDao - Searching project by projectId of 1
[INFO ] 2023-03-03 12:57:21.317 [main] ProjectDao - Searched results com.pocketedDays.entity.Project@133aacbe
[INFO ] 2023-03-03 12:57:21.373 [main] ProjectDao - Searching all projects
[INFO ] 2023-03-03 12:57:21.469 [main] ProjectDao - Searched results [com.pocketedDays.entity.Project@4fc6e776]
[INFO ] 2023-03-03 12:57:21.539 [main] ProjectDao - Inserting project com.pocketedDays.entity.Project@1de5cc88
[INFO ] 2023-03-03 12:58:11.353 [main] ProjectDao - Searching project by projectId of 1
[INFO ] 2023-03-03 12:58:11.439 [main] ProjectDao - Searched results com.pocketedDays.entity.Project@39449465
[INFO ] 2023-03-03 12:58:11.439 [main] ProjectDao - Deleting project com.pocketedDays.entity.Project@39449465
[INFO ] 2023-03-03 12:58:11.457 [main] ProjectDao - Searching project by projectId of 1
[INFO ] 2023-03-03 12:58:11.460 [main] ProjectDao - Searched results null
[INFO ] 2023-03-03 12:58:11.541 [main] ProjectDao - Searching project by projectId of 1
[INFO ] 2023-03-03 12:58:11.544 [main] ProjectDao - Searched results com.pocketedDays.entity.Project@35fa450f
[INFO ] 2023-03-03 12:58:11.614 [main] ProjectDao - Searching project by projectId of 1
[INFO ] 2023-03-03 12:58:11.619 [main] ProjectDao - Searched results com.pocketedDays.entity.Project@4db0ba1c
[INFO ] 2023-03-03 12:58:11.619 [main] ProjectDao - Updating project com.pocketedDays.entity.Project@4db0ba1c
[INFO ] 2023-03-03 12:58:11.627 [main] ProjectDao - Searching project by projectId of 1
[INFO ] 2023-03-03 12:58:11.631 [main] ProjectDao - Searched results com.pocketedDays.entity.Project@6ed18d80
[INFO ] 2023-03-03 12:58:11.704 [main] ProjectDao - Searching all projects
[INFO ] 2023-03-03 12:58:11.799 [main] ProjectDao - Searched results [com.pocketedDays.entity.Project@2c99c8d]
[INFO ] 2023-03-03 12:58:11.873 [main] ProjectDao - Inserting project com.pocketedDays.entity.Project@65859b44
[INFO ] 2023-03-03 12:58:11.882 [main] ProjectDao - Success! Inserted project id is 2
[INFO ] 2023-03-03 12:58:11.883 [main] ProjectDao - Searching project by projectId of 2
[INFO ] 2023-03-03 12:58:11.887 [main] ProjectDao - Searched results com.pocketedDays.entity.Project@43e8f1c
[INFO ] 2023-03-03 12:58:11.958 [main] ProjectDao - Searching project by userId of 1
[INFO ] 2023-03-03 12:58:11.972 [main] ProjectDao - Searched results [com.pocketedDays.entity.Project@362a561e]
[INFO ] 2023-03-03 23:10:06.547 [main] ProjectDao - Searching project by projectId of 1
[INFO ] 2023-03-03 23:10:06.657 [main] ProjectDao - Searched results com.pocketedDays.entity.Project@2e0ad709
[INFO ] 2023-03-03 23:10:06.657 [main] ProjectDao - Deleting project com.pocketedDays.entity.Project@2e0ad709
[INFO ] 2023-03-03 23:10:06.677 [main] ProjectDao - Searching project by projectId of 1
[INFO ] 2023-03-03 23:10:06.680 [main] ProjectDao - Searched results null
[INFO ] 2023-03-03 23:10:06.766 [main] ProjectDao - Searching project by projectId of 1
[INFO ] 2023-03-03 23:10:06.770 [main] ProjectDao - Searched results com.pocketedDays.entity.Project@c97721b
[INFO ] 2023-03-03 23:10:06.862 [main] ProjectDao - Searching project by projectId of 1
[INFO ] 2023-03-03 23:10:06.866 [main] ProjectDao - Searched results com.pocketedDays.entity.Project@1578fa9
[INFO ] 2023-03-03 23:10:06.866 [main] ProjectDao - Updating project com.pocketedDays.entity.Project@1578fa9
[INFO ] 2023-03-03 23:10:06.874 [main] ProjectDao - Searching project by projectId of 1
[INFO ] 2023-03-03 23:10:06.878 [main] ProjectDao - Searched results com.pocketedDays.entity.Project@783b3aa0
[INFO ] 2023-03-03 23:10:06.966 [main] ProjectDao - Searching all projects
[INFO ] 2023-03-03 23:10:07.180 [main] ProjectDao - Searched results [com.pocketedDays.entity.Project@2049e582]
[INFO ] 2023-03-03 23:10:07.316 [main] ProjectDao - Inserting project com.pocketedDays.entity.Project@78479f2b
[INFO ] 2023-03-03 23:10:07.352 [main] ProjectDao - Success! Inserted project id is 2
[INFO ] 2023-03-03 23:10:07.354 [main] ProjectDao - Searching project by projectId of 2
[INFO ] 2023-03-03 23:10:07.360 [main] ProjectDao - Searched results com.pocketedDays.entity.Project@6eede35e
[INFO ] 2023-03-03 23:10:07.494 [main] ProjectDao - Searching project by userId of 1
[INFO ] 2023-03-03 23:10:07.519 [main] ProjectDao - Searched results [com.pocketedDays.entity.Project@1a785fd5]
[INFO ] 2023-03-03 23:11:19.052 [main] ProjectDao - Searching project by projectId of 1
[INFO ] 2023-03-03 23:11:19.251 [main] ProjectDao - Searched results com.pocketedDays.entity.Project@52d7ab79
[INFO ] 2023-03-03 23:11:19.252 [main] ProjectDao - Deleting project com.pocketedDays.entity.Project@52d7ab79
[INFO ] 2023-03-03 23:11:19.282 [main] ProjectDao - Searching project by projectId of 1
[INFO ] 2023-03-03 23:11:19.286 [main] ProjectDao - Searched results null
[INFO ] 2023-03-03 23:11:19.402 [main] ProjectDao - Searching project by projectId of 1
[INFO ] 2023-03-03 23:11:19.409 [main] ProjectDao - Searched results com.pocketedDays.entity.Project@3b96f8b0
[INFO ] 2023-03-03 23:11:19.515 [main] ProjectDao - Searching project by projectId of 1
[INFO ] 2023-03-03 23:11:19.520 [main] ProjectDao - Searched results com.pocketedDays.entity.Project@7a1371
[INFO ] 2023-03-03 23:11:19.520 [main] ProjectDao - Updating project com.pocketedDays.entity.Project@7a1371
[INFO ] 2023-03-03 23:11:19.531 [main] ProjectDao - Searching project by projectId of 1
[INFO ] 2023-03-03 23:11:19.536 [main] ProjectDao - Searched results com.pocketedDays.entity.Project@70d3cdbf
[INFO ] 2023-03-03 23:11:19.616 [main] ProjectDao - Searching all projects
[INFO ] 2023-03-03 23:11:19.785 [main] ProjectDao - Inserting project com.pocketedDays.entity.Project@340c5fb6
[INFO ] 2023-03-03 23:11:19.798 [main] ProjectDao - Success! Inserted project id is 2
[INFO ] 2023-03-03 23:11:19.799 [main] ProjectDao - Searching project by projectId of 2
[INFO ] 2023-03-03 23:11:19.803 [main] ProjectDao - Searched results com.pocketedDays.entity.Project@1570cad0
[INFO ] 2023-03-03 23:11:19.879 [main] ProjectDao - Searching project by userId of 1
[INFO ] 2023-03-03 23:13:34.300 [main] ProjectDao - Searching project by projectId of 1
[INFO ] 2023-03-03 23:13:34.446 [main] ProjectDao - Searched results com.pocketedDays.entity.Project@45984654
[INFO ] 2023-03-03 23:13:34.446 [main] ProjectDao - Deleting project com.pocketedDays.entity.Project@45984654
[INFO ] 2023-03-03 23:13:34.470 [main] ProjectDao - Searching project by projectId of 1
[INFO ] 2023-03-03 23:13:34.472 [main] ProjectDao - Searched results null
[INFO ] 2023-03-03 23:13:34.563 [main] ProjectDao - Searching project by projectId of 1
[INFO ] 2023-03-03 23:13:34.568 [main] ProjectDao - Searched results com.pocketedDays.entity.Project@5d829ef0
[INFO ] 2023-03-03 23:13:34.662 [main] ProjectDao - Searching project by projectId of 1
[INFO ] 2023-03-03 23:13:34.666 [main] ProjectDao - Searched results com.pocketedDays.entity.Project@117b2cc6
[INFO ] 2023-03-03 23:13:34.666 [main] ProjectDao - Updating project com.pocketedDays.entity.Project@117b2cc6
[INFO ] 2023-03-03 23:13:34.674 [main] ProjectDao - Searching project by projectId of 1
[INFO ] 2023-03-03 23:13:34.677 [main] ProjectDao - Searched results com.pocketedDays.entity.Project@7ad889be
[INFO ] 2023-03-03 23:13:34.741 [main] ProjectDao - Searching all projects
[INFO ] 2023-03-03 23:13:34.928 [main] ProjectDao - Inserting project com.pocketedDays.entity.Project@c262f2f
[INFO ] 2023-03-03 23:13:34.948 [main] ProjectDao - Success! Inserted project id is 2
[INFO ] 2023-03-03 23:13:34.950 [main] ProjectDao - Searching project by projectId of 2
[INFO ] 2023-03-03 23:13:34.958 [main] ProjectDao - Searched results com.pocketedDays.entity.Project@1999149e
[INFO ] 2023-03-03 23:13:35.047 [main] ProjectDao - Searching project by userId of 1
[INFO ] 2023-03-03 23:16:05.373 [main] ProjectDao - Searching project by projectId of 1
[INFO ] 2023-03-03 23:16:05.527 [main] ProjectDao - Searched results com.pocketedDays.entity.Project@288728e
[INFO ] 2023-03-03 23:16:05.527 [main] ProjectDao - Deleting project com.pocketedDays.entity.Project@288728e
[INFO ] 2023-03-03 23:16:05.552 [main] ProjectDao - Searching project by projectId of 1
[INFO ] 2023-03-03 23:16:05.556 [main] ProjectDao - Searched results null
[INFO ] 2023-03-03 23:16:05.631 [main] ProjectDao - Searching project by projectId of 1
[INFO ] 2023-03-03 23:16:05.636 [main] ProjectDao - Searched results com.pocketedDays.entity.Project@1fc0d9b4
[INFO ] 2023-03-03 23:16:05.719 [main] ProjectDao - Searching project by projectId of 1
[INFO ] 2023-03-03 23:16:05.725 [main] ProjectDao - Searched results com.pocketedDays.entity.Project@3c28181b
[INFO ] 2023-03-03 23:16:05.725 [main] ProjectDao - Updating project com.pocketedDays.entity.Project@3c28181b
[INFO ] 2023-03-03 23:16:05.735 [main] ProjectDao - Searching project by projectId of 1
[INFO ] 2023-03-03 23:16:05.739 [main] ProjectDao - Searched results com.pocketedDays.entity.Project@537ca28e
[INFO ] 2023-03-03 23:16:05.806 [main] ProjectDao - Searching all projects
[INFO ] 2023-03-03 23:16:05.969 [main] ProjectDao - Inserting project com.pocketedDays.entity.Project@45d389f2
[INFO ] 2023-03-03 23:16:05.982 [main] ProjectDao - Success! Inserted project id is 2
[INFO ] 2023-03-03 23:16:05.983 [main] ProjectDao - Searching project by projectId of 2
[INFO ] 2023-03-03 23:16:05.988 [main] ProjectDao - Searched results com.pocketedDays.entity.Project@d62472f
[INFO ] 2023-03-03 23:16:06.064 [main] ProjectDao - Searching project by userId of 1
[INFO ] 2023-03-03 23:17:12.424 [main] ProjectDao - Searching project by projectId of 1
[INFO ] 2023-03-03 23:17:12.629 [main] ProjectDao - Searched results com.pocketedDays.entity.Project@640c216b
[INFO ] 2023-03-03 23:17:12.629 [main] ProjectDao - Deleting project com.pocketedDays.entity.Project@640c216b
[INFO ] 2023-03-03 23:17:12.666 [main] ProjectDao - Searching project by projectId of 1
[INFO ] 2023-03-03 23:17:12.669 [main] ProjectDao - Searched results null
[INFO ] 2023-03-03 23:17:12.751 [main] ProjectDao - Searching project by projectId of 1
[INFO ] 2023-03-03 23:17:12.756 [main] ProjectDao - Searched results com.pocketedDays.entity.Project@439d545c
[INFO ] 2023-03-03 23:17:12.831 [main] ProjectDao - Searching project by projectId of 1
[INFO ] 2023-03-03 23:17:12.835 [main] ProjectDao - Searched results com.pocketedDays.entity.Project@d70e9a
[INFO ] 2023-03-03 23:17:12.836 [main] ProjectDao - Updating project com.pocketedDays.entity.Project@d70e9a
[INFO ] 2023-03-03 23:17:12.844 [main] ProjectDao - Searching project by projectId of 1
[INFO ] 2023-03-03 23:17:12.848 [main] ProjectDao - Searched results com.pocketedDays.entity.Project@762bf32d
[INFO ] 2023-03-03 23:17:12.922 [main] ProjectDao - Searching all projects
[INFO ] 2023-03-03 23:17:13.110 [main] ProjectDao - Inserting project com.pocketedDays.entity.Project@5112b7
[INFO ] 2023-03-03 23:17:13.125 [main] ProjectDao - Success! Inserted project id is 2
[INFO ] 2023-03-03 23:17:13.127 [main] ProjectDao - Searching project by projectId of 2
[INFO ] 2023-03-03 23:17:13.133 [main] ProjectDao - Searched results com.pocketedDays.entity.Project@6ea66c33
[INFO ] 2023-03-03 23:17:13.238 [main] ProjectDao - Searching project by userId of 1
[INFO ] 2023-03-03 23:17:57.708 [main] ProjectDao - Searching project by projectId of 1
[INFO ] 2023-03-03 23:17:57.848 [main] ProjectDao - Searched results com.pocketedDays.entity.Project@5170bc02
[INFO ] 2023-03-03 23:17:57.848 [main] ProjectDao - Deleting project com.pocketedDays.entity.Project@5170bc02
[INFO ] 2023-03-03 23:17:57.881 [main] ProjectDao - Searching project by projectId of 1
[INFO ] 2023-03-03 23:17:57.885 [main] ProjectDao - Searched results null
[INFO ] 2023-03-03 23:17:57.965 [main] ProjectDao - Searching project by projectId of 1
[INFO ] 2023-03-03 23:17:57.970 [main] ProjectDao - Searched results com.pocketedDays.entity.Project@5a3cf824
[INFO ] 2023-03-03 23:17:58.042 [main] ProjectDao - Searching project by projectId of 1
[INFO ] 2023-03-03 23:17:58.047 [main] ProjectDao - Searched results com.pocketedDays.entity.Project@591be8aa
[INFO ] 2023-03-03 23:17:58.047 [main] ProjectDao - Updating project com.pocketedDays.entity.Project@591be8aa
[INFO ] 2023-03-03 23:17:58.055 [main] ProjectDao - Searching project by projectId of 1
[INFO ] 2023-03-03 23:17:58.059 [main] ProjectDao - Searched results com.pocketedDays.entity.Project@1de7f898
[INFO ] 2023-03-03 23:17:58.132 [main] ProjectDao - Searching all projects
[INFO ] 2023-03-03 23:17:58.296 [main] ProjectDao - Inserting project com.pocketedDays.entity.Project@56835f2f
[INFO ] 2023-03-03 23:17:58.312 [main] ProjectDao - Success! Inserted project id is 2
[INFO ] 2023-03-03 23:17:58.313 [main] ProjectDao - Searching project by projectId of 2
[INFO ] 2023-03-03 23:17:58.318 [main] ProjectDao - Searched results com.pocketedDays.entity.Project@59b447a4
[INFO ] 2023-03-03 23:17:58.395 [main] ProjectDao - Searching project by userId of 1
[INFO ] 2023-03-03 23:33:52.400 [main] ProjectDao - Searching project by projectId of 1
[INFO ] 2023-03-03 23:33:52.604 [main] ProjectDao - Searched results com.pocketedDays.entity.Project@5d601832
[INFO ] 2023-03-03 23:33:52.604 [main] ProjectDao - Deleting project com.pocketedDays.entity.Project@5d601832
[INFO ] 2023-03-03 23:33:52.641 [main] ProjectDao - Searching project by projectId of 1
[INFO ] 2023-03-03 23:33:52.646 [main] ProjectDao - Searched results null
[INFO ] 2023-03-03 23:33:52.774 [main] ProjectDao - Searching project by projectId of 1
[INFO ] 2023-03-03 23:33:52.780 [main] ProjectDao - Searched results com.pocketedDays.entity.Project@b75b890
[INFO ] 2023-03-03 23:33:52.885 [main] ProjectDao - Searching project by projectId of 1
[INFO ] 2023-03-03 23:33:52.889 [main] ProjectDao - Searched results com.pocketedDays.entity.Project@6b3f4bd8
[INFO ] 2023-03-03 23:33:52.889 [main] ProjectDao - Updating project com.pocketedDays.entity.Project@6b3f4bd8
[INFO ] 2023-03-03 23:33:52.900 [main] ProjectDao - Searching project by projectId of 1
[INFO ] 2023-03-03 23:33:52.905 [main] ProjectDao - Searched results com.pocketedDays.entity.Project@658e7ead
[INFO ] 2023-03-03 23:33:53.006 [main] ProjectDao - Searching all projects
[INFO ] 2023-03-03 23:33:53.251 [main] ProjectDao - Searched results [com.pocketedDays.entity.Project@5238896f]
[INFO ] 2023-03-03 23:33:53.334 [main] ProjectDao - Inserting project com.pocketedDays.entity.Project@731db93f
[INFO ] 2023-03-03 23:33:53.348 [main] ProjectDao - Success! Inserted project id is 2
[INFO ] 2023-03-03 23:33:53.349 [main] ProjectDao - Searching project by projectId of 2
[INFO ] 2023-03-03 23:33:53.353 [main] ProjectDao - Searched results com.pocketedDays.entity.Project@2c6927f0
[INFO ] 2023-03-03 23:33:53.419 [main] ProjectDao - Searching project by userId of 1
[INFO ] 2023-03-03 23:33:53.437 [main] ProjectDao - Searched results [com.pocketedDays.entity.Project@7de5871d]
[INFO ] 2023-03-03 23:34:56.444 [main] ProjectDao - Searching project by projectId of 1
[INFO ] 2023-03-03 23:34:56.617 [main] ProjectDao - Searched results com.pocketedDays.entity.Project@5170bc02
[INFO ] 2023-03-03 23:34:56.617 [main] ProjectDao - Deleting project com.pocketedDays.entity.Project@5170bc02
[INFO ] 2023-03-03 23:34:56.640 [main] ProjectDao - Searching project by projectId of 1
[INFO ] 2023-03-03 23:34:56.644 [main] ProjectDao - Searched results null
[INFO ] 2023-03-03 23:34:56.720 [main] ProjectDao - Searching project by projectId of 1
[INFO ] 2023-03-03 23:34:56.725 [main] ProjectDao - Searched results com.pocketedDays.entity.Project@5a3cf824
[INFO ] 2023-03-03 23:34:56.806 [main] ProjectDao - Searching project by projectId of 1
[INFO ] 2023-03-03 23:34:56.809 [main] ProjectDao - Searched results com.pocketedDays.entity.Project@5e98032e
[INFO ] 2023-03-03 23:34:56.809 [main] ProjectDao - Updating project com.pocketedDays.entity.Project@5e98032e
[INFO ] 2023-03-03 23:34:56.817 [main] ProjectDao - Searching project by projectId of 1
[INFO ] 2023-03-03 23:34:56.821 [main] ProjectDao - Searched results com.pocketedDays.entity.Project@6d7740f0
[INFO ] 2023-03-03 23:34:56.883 [main] ProjectDao - Searching all projects
[INFO ] 2023-03-03 23:34:57.106 [main] ProjectDao - Searched results [com.pocketedDays.entity.Project@3dfe92ef]
[INFO ] 2023-03-03 23:34:57.179 [main] ProjectDao - Inserting project com.pocketedDays.entity.Project@6fde6f05
[INFO ] 2023-03-03 23:34:57.192 [main] ProjectDao - Success! Inserted project id is 2
[INFO ] 2023-03-03 23:34:57.193 [main] ProjectDao - Searching project by projectId of 2
[INFO ] 2023-03-03 23:34:57.198 [main] ProjectDao - Searched results com.pocketedDays.entity.Project@68b7bdcb
[INFO ] 2023-03-03 23:34:57.258 [main] ProjectDao - Searching project by userId of 1
[INFO ] 2023-03-03 23:34:57.275 [main] ProjectDao - Searched results [com.pocketedDays.entity.Project@502c2278]
[INFO ] 2023-03-03 23:41:22.162 [main] ProjectDao - Searching project by projectId of 1
[INFO ] 2023-03-03 23:41:22.249 [main] ProjectDao - Searched results com.pocketedDays.entity.Project@1fe8f5e8
[INFO ] 2023-03-03 23:41:22.249 [main] ProjectDao - Deleting project com.pocketedDays.entity.Project@1fe8f5e8
[INFO ] 2023-03-03 23:41:22.266 [main] ProjectDao - Searching project by projectId of 1
[INFO ] 2023-03-03 23:41:22.268 [main] ProjectDao - Searched results null
[INFO ] 2023-03-03 23:41:22.287 [main] ProjectDao - Searching project by projectId of 1
[INFO ] 2023-03-03 23:41:22.290 [main] ProjectDao - Searched results null
[INFO ] 2023-03-03 23:41:22.307 [main] ProjectDao - Searching project by projectId of 1
[INFO ] 2023-03-03 23:41:22.309 [main] ProjectDao - Searched results null
[INFO ] 2023-03-03 23:41:22.325 [main] ProjectDao - Searching all projects
[INFO ] 2023-03-03 23:41:22.420 [main] ProjectDao - Searched results []
[INFO ] 2023-03-03 23:41:22.443 [main] ProjectDao - Inserting project com.pocketedDays.entity.Project@5b332439
[INFO ] 2023-03-03 23:41:22.455 [main] ProjectDao - Success! Inserted project id is 2
[INFO ] 2023-03-03 23:41:22.456 [main] ProjectDao - Searching project by projectId of 2
[INFO ] 2023-03-03 23:41:22.459 [main] ProjectDao - Searched results com.pocketedDays.entity.Project@570b2057
[INFO ] 2023-03-03 23:41:22.477 [main] ProjectDao - Searching project by userId of 1
[INFO ] 2023-03-03 23:41:22.492 [main] ProjectDao - Searched results [com.pocketedDays.entity.Project@a323a5b]
[INFO ] 2023-03-03 23:43:09.613 [main] ProjectDao - Searching project by projectId of 1
[INFO ] 2023-03-03 23:43:09.700 [main] ProjectDao - Searched results com.pocketedDays.entity.Project@2e0ad709
[INFO ] 2023-03-03 23:43:09.700 [main] ProjectDao - Deleting project com.pocketedDays.entity.Project@2e0ad709
[INFO ] 2023-03-03 23:43:09.716 [main] ProjectDao - Searching project by projectId of 1
[INFO ] 2023-03-03 23:43:09.718 [main] ProjectDao - Searched results null
[INFO ] 2023-03-03 23:43:09.787 [main] ProjectDao - Searching project by projectId of 1
[INFO ] 2023-03-03 23:43:09.790 [main] ProjectDao - Searched results com.pocketedDays.entity.Project@c97721b
[INFO ] 2023-03-03 23:43:09.868 [main] ProjectDao - Searching project by projectId of 1
[INFO ] 2023-03-03 23:43:09.872 [main] ProjectDao - Searched results com.pocketedDays.entity.Project@407b8435
[INFO ] 2023-03-03 23:43:09.872 [main] ProjectDao - Updating project com.pocketedDays.entity.Project@407b8435
[INFO ] 2023-03-03 23:43:09.879 [main] ProjectDao - Searching project by projectId of 1
[INFO ] 2023-03-03 23:43:09.882 [main] ProjectDao - Searched results com.pocketedDays.entity.Project@3030836d
[INFO ] 2023-03-03 23:43:09.961 [main] ProjectDao - Searching all projects
[INFO ] 2023-03-03 23:43:10.063 [main] ProjectDao - Searched results [com.pocketedDays.entity.Project@2049e582]
[INFO ] 2023-03-03 23:43:10.129 [main] ProjectDao - Inserting project com.pocketedDays.entity.Project@78479f2b
[INFO ] 2023-03-03 23:43:45.740 [main] ProjectDao - Searching project by projectId of 1
[INFO ] 2023-03-03 23:43:45.838 [main] ProjectDao - Searched results com.pocketedDays.entity.Project@1fe8f5e8
[INFO ] 2023-03-03 23:43:45.838 [main] ProjectDao - Deleting project com.pocketedDays.entity.Project@1fe8f5e8
[INFO ] 2023-03-03 23:43:45.859 [main] ProjectDao - Searching project by projectId of 1
[INFO ] 2023-03-03 23:43:45.861 [main] ProjectDao - Searched results null
[INFO ] 2023-03-03 23:43:45.953 [main] ProjectDao - Searching project by projectId of 1
[INFO ] 2023-03-03 23:43:45.958 [main] ProjectDao - Searched results com.pocketedDays.entity.Project@283ab206
[INFO ] 2023-03-03 23:43:46.032 [main] ProjectDao - Searching project by projectId of 1
[INFO ] 2023-03-03 23:43:46.036 [main] ProjectDao - Searched results com.pocketedDays.entity.Project@1282e98
[INFO ] 2023-03-03 23:43:46.036 [main] ProjectDao - Updating project com.pocketedDays.entity.Project@1282e98
[INFO ] 2023-03-03 23:43:46.043 [main] ProjectDao - Searching project by projectId of 1
[INFO ] 2023-03-03 23:43:46.047 [main] ProjectDao - Searched results com.pocketedDays.entity.Project@6af78a48
[INFO ] 2023-03-03 23:43:46.120 [main] ProjectDao - Searching all projects
[INFO ] 2023-03-03 23:43:46.248 [main] ProjectDao - Searched results [com.pocketedDays.entity.Project@464aeb09]
[INFO ] 2023-03-03 23:43:46.333 [main] ProjectDao - Inserting project com.pocketedDays.entity.Project@2755617b
[INFO ] 2023-03-03 23:43:46.342 [main] ProjectDao - Success! Inserted project id is 2
[INFO ] 2023-03-03 23:43:46.343 [main] ProjectDao - Searching project by projectId of 2
[INFO ] 2023-03-03 23:43:46.347 [main] ProjectDao - Searched results com.pocketedDays.entity.Project@64c25a62
[INFO ] 2023-03-03 23:43:46.425 [main] ProjectDao - Searching project by userId of 1
[INFO ] 2023-03-03 23:43:46.443 [main] ProjectDao - Searched results [com.pocketedDays.entity.Project@4a660b34]
